05 Jun 2021 15:36:03,470 TestNG-tests-1 - browser name is : chrome
05 Jun 2021 15:36:03,858 TestNG-tests-1 - remote is true..running it on GRID......
05 Jun 2021 15:36:03,870 TestNG-tests-2 - browser name is : firefox
05 Jun 2021 15:36:03,870 TestNG-tests-3 - browser name is : chrome
05 Jun 2021 15:36:03,882 TestNG-tests-3 - remote is true..running it on GRID......
05 Jun 2021 15:36:08,449 TestNG-tests-3 - locator is: By.xpath: //div[@class='form-group']//a[text()='Forgotten Password']
05 Jun 2021 15:36:08,755 TestNG-tests-1 - locator is: By.xpath: //a[contains(text(),'Components')]
05 Jun 2021 15:36:10,349 TestNG-tests-3 - Element is: [[RemoteWebDriver: chrome on LINUX (a923459595a0b889308efd22433845f6)] -> xpath: //div[@class='form-group']//a[text()='Forgotten Password']]
05 Jun 2021 15:36:10,438 TestNG-tests-3 - locator is: By.id: input-email
05 Jun 2021 15:36:10,685 TestNG-tests-1 - Element is: [[RemoteWebDriver: chrome on LINUX (822246a6ed131226f5d45262372789d1)] -> xpath: //a[contains(text(),'Components')]]
05 Jun 2021 15:36:11,239 TestNG-tests-2 - locator is: By.xpath: //div[@class='form-group']//a[text()='Forgotten Password']
05 Jun 2021 15:36:12,162 TestNG-tests-1 - locator is: By.xpath: //a[contains(text(),'Desktop')]
05 Jun 2021 15:36:12,464 TestNG-tests-3 - Element is: [[RemoteWebDriver: chrome on LINUX (a923459595a0b889308efd22433845f6)] -> id: input-email]
05 Jun 2021 15:36:12,655 TestNG-tests-3 - locator is: By.id: input-password
05 Jun 2021 15:36:13,154 TestNG-tests-2 - Element is: [[RemoteWebDriver: firefox on LINUX (f4e84e7c-4d6c-41e6-8de4-3b2f238ec5f5)] -> xpath: //div[@class='form-group']//a[text()='Forgotten Password']]
05 Jun 2021 15:36:13,283 TestNG-tests-2 - locator is: By.id: input-email
05 Jun 2021 15:36:14,110 TestNG-tests-1 - Element is: [[RemoteWebDriver: chrome on LINUX (822246a6ed131226f5d45262372789d1)] -> xpath: //a[contains(text(),'Desktop')]]
05 Jun 2021 15:36:14,566 TestNG-tests-3 - Element is: [[RemoteWebDriver: chrome on LINUX (a923459595a0b889308efd22433845f6)] -> id: input-password]
05 Jun 2021 15:36:14,732 TestNG-tests-3 - locator is: By.xpath: //input[@type='submit']
05 Jun 2021 15:36:15,142 TestNG-tests-2 - Element is: [[RemoteWebDriver: firefox on LINUX (f4e84e7c-4d6c-41e6-8de4-3b2f238ec5f5)] -> id: input-email]
05 Jun 2021 15:36:15,353 TestNG-tests-2 - locator is: By.id: input-password
05 Jun 2021 15:36:15,893 TestNG-tests-1 - Couldn't find template in cache for "index.ftl"("en", UTF-8, parsed); will try to load it.
05 Jun 2021 15:36:15,894 TestNG-tests-1 - TemplateLoader.findTemplateSource("index_en.ftl"): Not found
05 Jun 2021 15:36:15,897 TestNG-tests-1 - TemplateLoader.findTemplateSource("index.ftl"): Found
05 Jun 2021 15:36:15,897 TestNG-tests-1 - Loading template for "index.ftl"("en", UTF-8, parsed) from "jar:file:/Users/naveenautomationlabs/.m2/repository/com/aventstack/extentreports/3.1.5/extentreports-3.1.5.jar!/com/aventstack/extentreports/view/html-report/index.ftl"
05 Jun 2021 15:36:16,092 TestNG-tests-1 - Couldn't find template in cache for "head.ftl"("en", UTF-8, parsed); will try to load it.
05 Jun 2021 15:36:16,092 TestNG-tests-1 - TemplateLoader.findTemplateSource("head_en.ftl"): Not found
05 Jun 2021 15:36:16,092 TestNG-tests-1 - TemplateLoader.findTemplateSource("head.ftl"): Found
05 Jun 2021 15:36:16,092 TestNG-tests-1 - Loading template for "head.ftl"("en", UTF-8, parsed) from "jar:file:/Users/naveenautomationlabs/.m2/repository/com/aventstack/extentreports/3.1.5/extentreports-3.1.5.jar!/com/aventstack/extentreports/view/html-report/head.ftl"
05 Jun 2021 15:36:16,095 TestNG-tests-1 - Couldn't find template in cache for "nav.ftl"("en", UTF-8, parsed); will try to load it.
05 Jun 2021 15:36:16,095 TestNG-tests-1 - TemplateLoader.findTemplateSource("nav_en.ftl"): Not found
05 Jun 2021 15:36:16,095 TestNG-tests-1 - TemplateLoader.findTemplateSource("nav.ftl"): Found
05 Jun 2021 15:36:16,095 TestNG-tests-1 - Loading template for "nav.ftl"("en", UTF-8, parsed) from "jar:file:/Users/naveenautomationlabs/.m2/repository/com/aventstack/extentreports/3.1.5/extentreports-3.1.5.jar!/com/aventstack/extentreports/view/html-report/nav.ftl"
05 Jun 2021 15:36:16,100 TestNG-tests-1 - Couldn't find template in cache for "test-view/test-view.ftl"("en", UTF-8, parsed); will try to load it.
05 Jun 2021 15:36:16,101 TestNG-tests-1 - TemplateLoader.findTemplateSource("test-view/test-view_en.ftl"): Not found
05 Jun 2021 15:36:16,101 TestNG-tests-1 - TemplateLoader.findTemplateSource("test-view/test-view.ftl"): Found
05 Jun 2021 15:36:16,101 TestNG-tests-1 - Loading template for "test-view/test-view.ftl"("en", UTF-8, parsed) from "jar:file:/Users/naveenautomationlabs/.m2/repository/com/aventstack/extentreports/3.1.5/extentreports-3.1.5.jar!/com/aventstack/extentreports/view/html-report/test-view/test-view.ftl"
05 Jun 2021 15:36:16,109 TestNG-tests-1 - Couldn't find template in cache for "test-view/test-view-charts.ftl"("en", UTF-8, parsed); will try to load it.
05 Jun 2021 15:36:16,110 TestNG-tests-1 - TemplateLoader.findTemplateSource("test-view/test-view-charts_en.ftl"): Not found
05 Jun 2021 15:36:16,110 TestNG-tests-1 - TemplateLoader.findTemplateSource("test-view/test-view-charts.ftl"): Found
05 Jun 2021 15:36:16,110 TestNG-tests-1 - Loading template for "test-view/test-view-charts.ftl"("en", UTF-8, parsed) from "jar:file:/Users/naveenautomationlabs/.m2/repository/com/aventstack/extentreports/3.1.5/extentreports-3.1.5.jar!/com/aventstack/extentreports/view/html-report/test-view/test-view-charts.ftl"
05 Jun 2021 15:36:16,118 TestNG-tests-1 - Couldn't find template in cache for "test-view/standard.ftl"("en", UTF-8, parsed); will try to load it.
05 Jun 2021 15:36:16,118 TestNG-tests-1 - TemplateLoader.findTemplateSource("test-view/standard_en.ftl"): Not found
05 Jun 2021 15:36:16,118 TestNG-tests-1 - TemplateLoader.findTemplateSource("test-view/standard.ftl"): Found
05 Jun 2021 15:36:16,118 TestNG-tests-1 - Loading template for "test-view/standard.ftl"("en", UTF-8, parsed) from "jar:file:/Users/naveenautomationlabs/.m2/repository/com/aventstack/extentreports/3.1.5/extentreports-3.1.5.jar!/com/aventstack/extentreports/view/html-report/test-view/standard.ftl"
05 Jun 2021 15:36:16,130 TestNG-tests-1 - "test-view/standard.ftl"("en", UTF-8, parsed) cached copy not yet stale; using cached.
05 Jun 2021 15:36:16,130 TestNG-tests-1 - "test-view/standard.ftl"("en", UTF-8, parsed) cached copy not yet stale; using cached.
05 Jun 2021 15:36:16,131 TestNG-tests-1 - "test-view/standard.ftl"("en", UTF-8, parsed) cached copy not yet stale; using cached.
05 Jun 2021 15:36:16,132 TestNG-tests-1 - "test-view/standard.ftl"("en", UTF-8, parsed) cached copy not yet stale; using cached.
05 Jun 2021 15:36:16,133 TestNG-tests-1 - "test-view/standard.ftl"("en", UTF-8, parsed) cached copy not yet stale; using cached.
05 Jun 2021 15:36:16,133 TestNG-tests-1 - "test-view/standard.ftl"("en", UTF-8, parsed) cached copy not yet stale; using cached.
05 Jun 2021 15:36:16,134 TestNG-tests-1 - "test-view/standard.ftl"("en", UTF-8, parsed) cached copy not yet stale; using cached.
05 Jun 2021 15:36:16,135 TestNG-tests-1 - "test-view/standard.ftl"("en", UTF-8, parsed) cached copy not yet stale; using cached.
05 Jun 2021 15:36:16,136 TestNG-tests-1 - "test-view/standard.ftl"("en", UTF-8, parsed) cached copy not yet stale; using cached.
05 Jun 2021 15:36:16,136 TestNG-tests-1 - "test-view/standard.ftl"("en", UTF-8, parsed) cached copy not yet stale; using cached.
05 Jun 2021 15:36:16,137 TestNG-tests-1 - Couldn't find template in cache for "category-view/category-view.ftl"("en", UTF-8, parsed); will try to load it.
05 Jun 2021 15:36:16,137 TestNG-tests-1 - TemplateLoader.findTemplateSource("category-view/category-view_en.ftl"): Not found
05 Jun 2021 15:36:16,137 TestNG-tests-1 - TemplateLoader.findTemplateSource("category-view/category-view.ftl"): Found
05 Jun 2021 15:36:16,137 TestNG-tests-1 - Loading template for "category-view/category-view.ftl"("en", UTF-8, parsed) from "jar:file:/Users/naveenautomationlabs/.m2/repository/com/aventstack/extentreports/3.1.5/extentreports-3.1.5.jar!/com/aventstack/extentreports/view/html-report/category-view/category-view.ftl"
05 Jun 2021 15:36:16,141 TestNG-tests-1 - Couldn't find template in cache for "author-view/author-view.ftl"("en", UTF-8, parsed); will try to load it.
05 Jun 2021 15:36:16,142 TestNG-tests-1 - TemplateLoader.findTemplateSource("author-view/author-view_en.ftl"): Not found
05 Jun 2021 15:36:16,142 TestNG-tests-1 - TemplateLoader.findTemplateSource("author-view/author-view.ftl"): Found
05 Jun 2021 15:36:16,142 TestNG-tests-1 - Loading template for "author-view/author-view.ftl"("en", UTF-8, parsed) from "jar:file:/Users/naveenautomationlabs/.m2/repository/com/aventstack/extentreports/3.1.5/extentreports-3.1.5.jar!/com/aventstack/extentreports/view/html-report/author-view/author-view.ftl"
05 Jun 2021 15:36:16,144 TestNG-tests-1 - Couldn't find template in cache for "exception-view/exception-view.ftl"("en", UTF-8, parsed); will try to load it.
05 Jun 2021 15:36:16,145 TestNG-tests-1 - TemplateLoader.findTemplateSource("exception-view/exception-view_en.ftl"): Not found
05 Jun 2021 15:36:16,145 TestNG-tests-1 - TemplateLoader.findTemplateSource("exception-view/exception-view.ftl"): Found
05 Jun 2021 15:36:16,145 TestNG-tests-1 - Loading template for "exception-view/exception-view.ftl"("en", UTF-8, parsed) from "jar:file:/Users/naveenautomationlabs/.m2/repository/com/aventstack/extentreports/3.1.5/extentreports-3.1.5.jar!/com/aventstack/extentreports/view/html-report/exception-view/exception-view.ftl"
05 Jun 2021 15:36:16,146 TestNG-tests-1 - Couldn't find template in cache for "dashboard-view/dashboard-view.ftl"("en", UTF-8, parsed); will try to load it.
05 Jun 2021 15:36:16,146 TestNG-tests-1 - TemplateLoader.findTemplateSource("dashboard-view/dashboard-view_en.ftl"): Not found
05 Jun 2021 15:36:16,147 TestNG-tests-1 - TemplateLoader.findTemplateSource("dashboard-view/dashboard-view.ftl"): Found
05 Jun 2021 15:36:16,147 TestNG-tests-1 - Loading template for "dashboard-view/dashboard-view.ftl"("en", UTF-8, parsed) from "jar:file:/Users/naveenautomationlabs/.m2/repository/com/aventstack/extentreports/3.1.5/extentreports-3.1.5.jar!/com/aventstack/extentreports/view/html-report/dashboard-view/dashboard-view.ftl"
05 Jun 2021 15:36:16,150 TestNG-tests-1 - Couldn't find template in cache for "logs-view/testrunner-logs-view.ftl"("en", UTF-8, parsed); will try to load it.
05 Jun 2021 15:36:16,150 TestNG-tests-1 - TemplateLoader.findTemplateSource("logs-view/testrunner-logs-view_en.ftl"): Not found
05 Jun 2021 15:36:16,150 TestNG-tests-1 - TemplateLoader.findTemplateSource("logs-view/testrunner-logs-view.ftl"): Found
05 Jun 2021 15:36:16,150 TestNG-tests-1 - Loading template for "logs-view/testrunner-logs-view.ftl"("en", UTF-8, parsed) from "jar:file:/Users/naveenautomationlabs/.m2/repository/com/aventstack/extentreports/3.1.5/extentreports-3.1.5.jar!/com/aventstack/extentreports/view/html-report/logs-view/testrunner-logs-view.ftl"
05 Jun 2021 15:36:16,154 TestNG-tests-1 - browser name is : chrome
05 Jun 2021 15:36:16,160 TestNG-tests-1 - remote is true..running it on GRID......
05 Jun 2021 15:36:16,763 TestNG-tests-3 - Element is: [[RemoteWebDriver: chrome on LINUX (a923459595a0b889308efd22433845f6)] -> xpath: //input[@type='submit']]
05 Jun 2021 15:36:17,379 TestNG-tests-2 - Element is: [[RemoteWebDriver: firefox on LINUX (f4e84e7c-4d6c-41e6-8de4-3b2f238ec5f5)] -> id: input-password]
05 Jun 2021 15:36:17,491 TestNG-tests-2 - locator is: By.xpath: //input[@type='submit']
05 Jun 2021 15:36:18,943 TestNG-tests-1 - locator is: By.id: input-email
05 Jun 2021 15:36:19,111 TestNG-tests-3 - Couldn't find template in cache for "index.ftl"("en", UTF-8, parsed); will try to load it.
05 Jun 2021 15:36:19,111 TestNG-tests-3 - TemplateLoader.findTemplateSource("index_en.ftl"): Not found
05 Jun 2021 15:36:19,111 TestNG-tests-3 - TemplateLoader.findTemplateSource("index.ftl"): Found
05 Jun 2021 15:36:19,111 TestNG-tests-3 - Loading template for "index.ftl"("en", UTF-8, parsed) from "jar:file:/Users/naveenautomationlabs/.m2/repository/com/aventstack/extentreports/3.1.5/extentreports-3.1.5.jar!/com/aventstack/extentreports/view/html-report/index.ftl"
05 Jun 2021 15:36:19,117 TestNG-tests-3 - Couldn't find template in cache for "head.ftl"("en", UTF-8, parsed); will try to load it.
05 Jun 2021 15:36:19,117 TestNG-tests-3 - TemplateLoader.findTemplateSource("head_en.ftl"): Not found
05 Jun 2021 15:36:19,118 TestNG-tests-3 - TemplateLoader.findTemplateSource("head.ftl"): Found
05 Jun 2021 15:36:19,118 TestNG-tests-3 - Loading template for "head.ftl"("en", UTF-8, parsed) from "jar:file:/Users/naveenautomationlabs/.m2/repository/com/aventstack/extentreports/3.1.5/extentreports-3.1.5.jar!/com/aventstack/extentreports/view/html-report/head.ftl"
05 Jun 2021 15:36:19,119 TestNG-tests-3 - Couldn't find template in cache for "nav.ftl"("en", UTF-8, parsed); will try to load it.
05 Jun 2021 15:36:19,119 TestNG-tests-3 - TemplateLoader.findTemplateSource("nav_en.ftl"): Not found
05 Jun 2021 15:36:19,119 TestNG-tests-3 - TemplateLoader.findTemplateSource("nav.ftl"): Found
05 Jun 2021 15:36:19,119 TestNG-tests-3 - Loading template for "nav.ftl"("en", UTF-8, parsed) from "jar:file:/Users/naveenautomationlabs/.m2/repository/com/aventstack/extentreports/3.1.5/extentreports-3.1.5.jar!/com/aventstack/extentreports/view/html-report/nav.ftl"
05 Jun 2021 15:36:19,121 TestNG-tests-3 - Couldn't find template in cache for "test-view/test-view.ftl"("en", UTF-8, parsed); will try to load it.
05 Jun 2021 15:36:19,121 TestNG-tests-3 - TemplateLoader.findTemplateSource("test-view/test-view_en.ftl"): Not found
05 Jun 2021 15:36:19,121 TestNG-tests-3 - TemplateLoader.findTemplateSource("test-view/test-view.ftl"): Found
05 Jun 2021 15:36:19,122 TestNG-tests-3 - Loading template for "test-view/test-view.ftl"("en", UTF-8, parsed) from "jar:file:/Users/naveenautomationlabs/.m2/repository/com/aventstack/extentreports/3.1.5/extentreports-3.1.5.jar!/com/aventstack/extentreports/view/html-report/test-view/test-view.ftl"
05 Jun 2021 15:36:19,126 TestNG-tests-3 - Couldn't find template in cache for "test-view/test-view-charts.ftl"("en", UTF-8, parsed); will try to load it.
05 Jun 2021 15:36:19,126 TestNG-tests-3 - TemplateLoader.findTemplateSource("test-view/test-view-charts_en.ftl"): Not found
05 Jun 2021 15:36:19,127 TestNG-tests-3 - TemplateLoader.findTemplateSource("test-view/test-view-charts.ftl"): Found
05 Jun 2021 15:36:19,127 TestNG-tests-3 - Loading template for "test-view/test-view-charts.ftl"("en", UTF-8, parsed) from "jar:file:/Users/naveenautomationlabs/.m2/repository/com/aventstack/extentreports/3.1.5/extentreports-3.1.5.jar!/com/aventstack/extentreports/view/html-report/test-view/test-view-charts.ftl"
05 Jun 2021 15:36:19,132 TestNG-tests-3 - Couldn't find template in cache for "test-view/standard.ftl"("en", UTF-8, parsed); will try to load it.
05 Jun 2021 15:36:19,132 TestNG-tests-3 - TemplateLoader.findTemplateSource("test-view/standard_en.ftl"): Not found
05 Jun 2021 15:36:19,132 TestNG-tests-3 - TemplateLoader.findTemplateSource("test-view/standard.ftl"): Found
05 Jun 2021 15:36:19,132 TestNG-tests-3 - Loading template for "test-view/standard.ftl"("en", UTF-8, parsed) from "jar:file:/Users/naveenautomationlabs/.m2/repository/com/aventstack/extentreports/3.1.5/extentreports-3.1.5.jar!/com/aventstack/extentreports/view/html-report/test-view/standard.ftl"
05 Jun 2021 15:36:19,136 TestNG-tests-3 - "test-view/standard.ftl"("en", UTF-8, parsed) cached copy not yet stale; using cached.
05 Jun 2021 15:36:19,137 TestNG-tests-3 - "test-view/standard.ftl"("en", UTF-8, parsed) cached copy not yet stale; using cached.
05 Jun 2021 15:36:19,138 TestNG-tests-3 - "test-view/standard.ftl"("en", UTF-8, parsed) cached copy not yet stale; using cached.
05 Jun 2021 15:36:19,138 TestNG-tests-3 - "test-view/standard.ftl"("en", UTF-8, parsed) cached copy not yet stale; using cached.
05 Jun 2021 15:36:19,139 TestNG-tests-3 - "test-view/standard.ftl"("en", UTF-8, parsed) cached copy not yet stale; using cached.
05 Jun 2021 15:36:19,140 TestNG-tests-3 - "test-view/standard.ftl"("en", UTF-8, parsed) cached copy not yet stale; using cached.
05 Jun 2021 15:36:19,141 TestNG-tests-3 - "test-view/standard.ftl"("en", UTF-8, parsed) cached copy not yet stale; using cached.
05 Jun 2021 15:36:19,141 TestNG-tests-3 - "test-view/standard.ftl"("en", UTF-8, parsed) cached copy not yet stale; using cached.
05 Jun 2021 15:36:19,142 TestNG-tests-3 - "test-view/standard.ftl"("en", UTF-8, parsed) cached copy not yet stale; using cached.
05 Jun 2021 15:36:19,142 TestNG-tests-3 - "test-view/standard.ftl"("en", UTF-8, parsed) cached copy not yet stale; using cached.
05 Jun 2021 15:36:19,142 TestNG-tests-3 - Couldn't find template in cache for "category-view/category-view.ftl"("en", UTF-8, parsed); will try to load it.
05 Jun 2021 15:36:19,143 TestNG-tests-3 - TemplateLoader.findTemplateSource("category-view/category-view_en.ftl"): Not found
05 Jun 2021 15:36:19,143 TestNG-tests-3 - TemplateLoader.findTemplateSource("category-view/category-view.ftl"): Found
05 Jun 2021 15:36:19,143 TestNG-tests-3 - Loading template for "category-view/category-view.ftl"("en", UTF-8, parsed) from "jar:file:/Users/naveenautomationlabs/.m2/repository/com/aventstack/extentreports/3.1.5/extentreports-3.1.5.jar!/com/aventstack/extentreports/view/html-report/category-view/category-view.ftl"
05 Jun 2021 15:36:19,146 TestNG-tests-3 - Couldn't find template in cache for "author-view/author-view.ftl"("en", UTF-8, parsed); will try to load it.
05 Jun 2021 15:36:19,146 TestNG-tests-3 - TemplateLoader.findTemplateSource("author-view/author-view_en.ftl"): Not found
05 Jun 2021 15:36:19,146 TestNG-tests-3 - TemplateLoader.findTemplateSource("author-view/author-view.ftl"): Found
05 Jun 2021 15:36:19,146 TestNG-tests-3 - Loading template for "author-view/author-view.ftl"("en", UTF-8, parsed) from "jar:file:/Users/naveenautomationlabs/.m2/repository/com/aventstack/extentreports/3.1.5/extentreports-3.1.5.jar!/com/aventstack/extentreports/view/html-report/author-view/author-view.ftl"
05 Jun 2021 15:36:19,148 TestNG-tests-3 - Couldn't find template in cache for "exception-view/exception-view.ftl"("en", UTF-8, parsed); will try to load it.
05 Jun 2021 15:36:19,148 TestNG-tests-3 - TemplateLoader.findTemplateSource("exception-view/exception-view_en.ftl"): Not found
05 Jun 2021 15:36:19,149 TestNG-tests-3 - TemplateLoader.findTemplateSource("exception-view/exception-view.ftl"): Found
05 Jun 2021 15:36:19,149 TestNG-tests-3 - Loading template for "exception-view/exception-view.ftl"("en", UTF-8, parsed) from "jar:file:/Users/naveenautomationlabs/.m2/repository/com/aventstack/extentreports/3.1.5/extentreports-3.1.5.jar!/com/aventstack/extentreports/view/html-report/exception-view/exception-view.ftl"
05 Jun 2021 15:36:19,150 TestNG-tests-3 - Couldn't find template in cache for "dashboard-view/dashboard-view.ftl"("en", UTF-8, parsed); will try to load it.
05 Jun 2021 15:36:19,150 TestNG-tests-3 - TemplateLoader.findTemplateSource("dashboard-view/dashboard-view_en.ftl"): Not found
05 Jun 2021 15:36:19,151 TestNG-tests-3 - TemplateLoader.findTemplateSource("dashboard-view/dashboard-view.ftl"): Found
05 Jun 2021 15:36:19,151 TestNG-tests-3 - Loading template for "dashboard-view/dashboard-view.ftl"("en", UTF-8, parsed) from "jar:file:/Users/naveenautomationlabs/.m2/repository/com/aventstack/extentreports/3.1.5/extentreports-3.1.5.jar!/com/aventstack/extentreports/view/html-report/dashboard-view/dashboard-view.ftl"
05 Jun 2021 15:36:19,153 TestNG-tests-3 - Couldn't find template in cache for "logs-view/testrunner-logs-view.ftl"("en", UTF-8, parsed); will try to load it.
05 Jun 2021 15:36:19,153 TestNG-tests-3 - TemplateLoader.findTemplateSource("logs-view/testrunner-logs-view_en.ftl"): Not found
05 Jun 2021 15:36:19,153 TestNG-tests-3 - TemplateLoader.findTemplateSource("logs-view/testrunner-logs-view.ftl"): Found
05 Jun 2021 15:36:19,153 TestNG-tests-3 - Loading template for "logs-view/testrunner-logs-view.ftl"("en", UTF-8, parsed) from "jar:file:/Users/naveenautomationlabs/.m2/repository/com/aventstack/extentreports/3.1.5/extentreports-3.1.5.jar!/com/aventstack/extentreports/view/html-report/logs-view/testrunner-logs-view.ftl"
05 Jun 2021 15:36:19,161 TestNG-tests-3 - browser name is : firefox
05 Jun 2021 15:36:19,585 TestNG-tests-2 - Element is: [[RemoteWebDriver: firefox on LINUX (f4e84e7c-4d6c-41e6-8de4-3b2f238ec5f5)] -> xpath: //input[@type='submit']]
05 Jun 2021 15:36:20,933 TestNG-tests-1 - Element is: [[RemoteWebDriver: chrome on LINUX (12dc1b07e50880d1bc519f5df3d834ca)] -> id: input-email]
05 Jun 2021 15:36:21,150 TestNG-tests-1 - locator is: By.id: input-password
05 Jun 2021 15:36:22,659 TestNG-tests-2 - Couldn't find template in cache for "index.ftl"("en", UTF-8, parsed); will try to load it.
05 Jun 2021 15:36:22,660 TestNG-tests-2 - TemplateLoader.findTemplateSource("index_en.ftl"): Not found
05 Jun 2021 15:36:22,660 TestNG-tests-2 - TemplateLoader.findTemplateSource("index.ftl"): Found
05 Jun 2021 15:36:22,660 TestNG-tests-2 - Loading template for "index.ftl"("en", UTF-8, parsed) from "jar:file:/Users/naveenautomationlabs/.m2/repository/com/aventstack/extentreports/3.1.5/extentreports-3.1.5.jar!/com/aventstack/extentreports/view/html-report/index.ftl"
05 Jun 2021 15:36:22,663 TestNG-tests-2 - Couldn't find template in cache for "head.ftl"("en", UTF-8, parsed); will try to load it.
05 Jun 2021 15:36:22,663 TestNG-tests-2 - TemplateLoader.findTemplateSource("head_en.ftl"): Not found
05 Jun 2021 15:36:22,663 TestNG-tests-2 - TemplateLoader.findTemplateSource("head.ftl"): Found
05 Jun 2021 15:36:22,663 TestNG-tests-2 - Loading template for "head.ftl"("en", UTF-8, parsed) from "jar:file:/Users/naveenautomationlabs/.m2/repository/com/aventstack/extentreports/3.1.5/extentreports-3.1.5.jar!/com/aventstack/extentreports/view/html-report/head.ftl"
05 Jun 2021 15:36:22,665 TestNG-tests-2 - Couldn't find template in cache for "nav.ftl"("en", UTF-8, parsed); will try to load it.
05 Jun 2021 15:36:22,665 TestNG-tests-2 - TemplateLoader.findTemplateSource("nav_en.ftl"): Not found
05 Jun 2021 15:36:22,665 TestNG-tests-2 - TemplateLoader.findTemplateSource("nav.ftl"): Found
05 Jun 2021 15:36:22,665 TestNG-tests-2 - Loading template for "nav.ftl"("en", UTF-8, parsed) from "jar:file:/Users/naveenautomationlabs/.m2/repository/com/aventstack/extentreports/3.1.5/extentreports-3.1.5.jar!/com/aventstack/extentreports/view/html-report/nav.ftl"
05 Jun 2021 15:36:22,666 TestNG-tests-2 - Couldn't find template in cache for "test-view/test-view.ftl"("en", UTF-8, parsed); will try to load it.
05 Jun 2021 15:36:22,666 TestNG-tests-2 - TemplateLoader.findTemplateSource("test-view/test-view_en.ftl"): Not found
05 Jun 2021 15:36:22,666 TestNG-tests-2 - TemplateLoader.findTemplateSource("test-view/test-view.ftl"): Found
05 Jun 2021 15:36:22,667 TestNG-tests-2 - Loading template for "test-view/test-view.ftl"("en", UTF-8, parsed) from "jar:file:/Users/naveenautomationlabs/.m2/repository/com/aventstack/extentreports/3.1.5/extentreports-3.1.5.jar!/com/aventstack/extentreports/view/html-report/test-view/test-view.ftl"
05 Jun 2021 15:36:22,670 TestNG-tests-2 - Couldn't find template in cache for "test-view/test-view-charts.ftl"("en", UTF-8, parsed); will try to load it.
05 Jun 2021 15:36:22,670 TestNG-tests-2 - TemplateLoader.findTemplateSource("test-view/test-view-charts_en.ftl"): Not found
05 Jun 2021 15:36:22,670 TestNG-tests-2 - TemplateLoader.findTemplateSource("test-view/test-view-charts.ftl"): Found
05 Jun 2021 15:36:22,670 TestNG-tests-2 - Loading template for "test-view/test-view-charts.ftl"("en", UTF-8, parsed) from "jar:file:/Users/naveenautomationlabs/.m2/repository/com/aventstack/extentreports/3.1.5/extentreports-3.1.5.jar!/com/aventstack/extentreports/view/html-report/test-view/test-view-charts.ftl"
05 Jun 2021 15:36:22,674 TestNG-tests-2 - Couldn't find template in cache for "test-view/standard.ftl"("en", UTF-8, parsed); will try to load it.
05 Jun 2021 15:36:22,674 TestNG-tests-2 - TemplateLoader.findTemplateSource("test-view/standard_en.ftl"): Not found
05 Jun 2021 15:36:22,674 TestNG-tests-2 - TemplateLoader.findTemplateSource("test-view/standard.ftl"): Found
05 Jun 2021 15:36:22,674 TestNG-tests-2 - Loading template for "test-view/standard.ftl"("en", UTF-8, parsed) from "jar:file:/Users/naveenautomationlabs/.m2/repository/com/aventstack/extentreports/3.1.5/extentreports-3.1.5.jar!/com/aventstack/extentreports/view/html-report/test-view/standard.ftl"
05 Jun 2021 15:36:22,678 TestNG-tests-2 - "test-view/standard.ftl"("en", UTF-8, parsed) cached copy not yet stale; using cached.
05 Jun 2021 15:36:22,678 TestNG-tests-2 - "test-view/standard.ftl"("en", UTF-8, parsed) cached copy not yet stale; using cached.
05 Jun 2021 15:36:22,679 TestNG-tests-2 - "test-view/standard.ftl"("en", UTF-8, parsed) cached copy not yet stale; using cached.
05 Jun 2021 15:36:22,679 TestNG-tests-2 - "test-view/standard.ftl"("en", UTF-8, parsed) cached copy not yet stale; using cached.
05 Jun 2021 15:36:22,679 TestNG-tests-2 - "test-view/standard.ftl"("en", UTF-8, parsed) cached copy not yet stale; using cached.
05 Jun 2021 15:36:22,680 TestNG-tests-2 - "test-view/standard.ftl"("en", UTF-8, parsed) cached copy not yet stale; using cached.
05 Jun 2021 15:36:22,680 TestNG-tests-2 - "test-view/standard.ftl"("en", UTF-8, parsed) cached copy not yet stale; using cached.
05 Jun 2021 15:36:22,680 TestNG-tests-2 - "test-view/standard.ftl"("en", UTF-8, parsed) cached copy not yet stale; using cached.
05 Jun 2021 15:36:22,680 TestNG-tests-2 - "test-view/standard.ftl"("en", UTF-8, parsed) cached copy not yet stale; using cached.
05 Jun 2021 15:36:22,681 TestNG-tests-2 - "test-view/standard.ftl"("en", UTF-8, parsed) cached copy not yet stale; using cached.
05 Jun 2021 15:36:22,681 TestNG-tests-2 - Couldn't find template in cache for "category-view/category-view.ftl"("en", UTF-8, parsed); will try to load it.
05 Jun 2021 15:36:22,681 TestNG-tests-2 - TemplateLoader.findTemplateSource("category-view/category-view_en.ftl"): Not found
05 Jun 2021 15:36:22,681 TestNG-tests-2 - TemplateLoader.findTemplateSource("category-view/category-view.ftl"): Found
05 Jun 2021 15:36:22,681 TestNG-tests-2 - Loading template for "category-view/category-view.ftl"("en", UTF-8, parsed) from "jar:file:/Users/naveenautomationlabs/.m2/repository/com/aventstack/extentreports/3.1.5/extentreports-3.1.5.jar!/com/aventstack/extentreports/view/html-report/category-view/category-view.ftl"
05 Jun 2021 15:36:22,684 TestNG-tests-2 - Couldn't find template in cache for "author-view/author-view.ftl"("en", UTF-8, parsed); will try to load it.
05 Jun 2021 15:36:22,684 TestNG-tests-2 - TemplateLoader.findTemplateSource("author-view/author-view_en.ftl"): Not found
05 Jun 2021 15:36:22,684 TestNG-tests-2 - TemplateLoader.findTemplateSource("author-view/author-view.ftl"): Found
05 Jun 2021 15:36:22,684 TestNG-tests-2 - Loading template for "author-view/author-view.ftl"("en", UTF-8, parsed) from "jar:file:/Users/naveenautomationlabs/.m2/repository/com/aventstack/extentreports/3.1.5/extentreports-3.1.5.jar!/com/aventstack/extentreports/view/html-report/author-view/author-view.ftl"
05 Jun 2021 15:36:22,686 TestNG-tests-2 - Couldn't find template in cache for "exception-view/exception-view.ftl"("en", UTF-8, parsed); will try to load it.
05 Jun 2021 15:36:22,686 TestNG-tests-2 - TemplateLoader.findTemplateSource("exception-view/exception-view_en.ftl"): Not found
05 Jun 2021 15:36:22,686 TestNG-tests-2 - TemplateLoader.findTemplateSource("exception-view/exception-view.ftl"): Found
05 Jun 2021 15:36:22,686 TestNG-tests-2 - Loading template for "exception-view/exception-view.ftl"("en", UTF-8, parsed) from "jar:file:/Users/naveenautomationlabs/.m2/repository/com/aventstack/extentreports/3.1.5/extentreports-3.1.5.jar!/com/aventstack/extentreports/view/html-report/exception-view/exception-view.ftl"
05 Jun 2021 15:36:22,687 TestNG-tests-2 - Couldn't find template in cache for "dashboard-view/dashboard-view.ftl"("en", UTF-8, parsed); will try to load it.
05 Jun 2021 15:36:22,688 TestNG-tests-2 - TemplateLoader.findTemplateSource("dashboard-view/dashboard-view_en.ftl"): Not found
05 Jun 2021 15:36:22,688 TestNG-tests-2 - TemplateLoader.findTemplateSource("dashboard-view/dashboard-view.ftl"): Found
05 Jun 2021 15:36:22,688 TestNG-tests-2 - Loading template for "dashboard-view/dashboard-view.ftl"("en", UTF-8, parsed) from "jar:file:/Users/naveenautomationlabs/.m2/repository/com/aventstack/extentreports/3.1.5/extentreports-3.1.5.jar!/com/aventstack/extentreports/view/html-report/dashboard-view/dashboard-view.ftl"
05 Jun 2021 15:36:22,690 TestNG-tests-2 - Couldn't find template in cache for "logs-view/testrunner-logs-view.ftl"("en", UTF-8, parsed); will try to load it.
05 Jun 2021 15:36:22,690 TestNG-tests-2 - TemplateLoader.findTemplateSource("logs-view/testrunner-logs-view_en.ftl"): Not found
05 Jun 2021 15:36:22,690 TestNG-tests-2 - TemplateLoader.findTemplateSource("logs-view/testrunner-logs-view.ftl"): Found
05 Jun 2021 15:36:22,690 TestNG-tests-2 - Loading template for "logs-view/testrunner-logs-view.ftl"("en", UTF-8, parsed) from "jar:file:/Users/naveenautomationlabs/.m2/repository/com/aventstack/extentreports/3.1.5/extentreports-3.1.5.jar!/com/aventstack/extentreports/view/html-report/logs-view/testrunner-logs-view.ftl"
05 Jun 2021 15:36:23,124 TestNG-tests-1 - Element is: [[RemoteWebDriver: chrome on LINUX (12dc1b07e50880d1bc519f5df3d834ca)] -> id: input-password]
05 Jun 2021 15:36:23,297 TestNG-tests-1 - locator is: By.xpath: //input[@type='submit']
05 Jun 2021 15:36:25,041 TestNG-tests-3 - locator is: By.id: input-email
05 Jun 2021 15:36:25,200 TestNG-tests-1 - Element is: [[RemoteWebDriver: chrome on LINUX (12dc1b07e50880d1bc519f5df3d834ca)] -> xpath: //input[@type='submit']]
05 Jun 2021 15:36:26,820 TestNG-tests-3 - Element is: [[RemoteWebDriver: firefox on LINUX (caa46249-8ec3-45e4-bbba-6092fcd6579d)] -> id: input-email]
05 Jun 2021 15:36:26,933 TestNG-tests-3 - locator is: By.id: input-password
05 Jun 2021 15:36:27,491 TestNG-tests-1 - locator is: By.cssSelector: div#logo a
05 Jun 2021 15:36:28,885 TestNG-tests-3 - Element is: [[RemoteWebDriver: firefox on LINUX (caa46249-8ec3-45e4-bbba-6092fcd6579d)] -> id: input-password]
05 Jun 2021 15:36:28,977 TestNG-tests-3 - locator is: By.xpath: //input[@type='submit']
05 Jun 2021 15:36:29,400 TestNG-tests-1 - Element is: [[RemoteWebDriver: chrome on LINUX (12dc1b07e50880d1bc519f5df3d834ca)] -> css selector: div#logo a]
05 Jun 2021 15:36:29,955 TestNG-tests-1 - locator is: By.linkText: Logout
05 Jun 2021 15:36:30,763 TestNG-tests-3 - Element is: [[RemoteWebDriver: firefox on LINUX (caa46249-8ec3-45e4-bbba-6092fcd6579d)] -> xpath: //input[@type='submit']]
05 Jun 2021 15:36:31,812 TestNG-tests-1 - Element is: [[RemoteWebDriver: chrome on LINUX (12dc1b07e50880d1bc519f5df3d834ca)] -> link text: Logout]
05 Jun 2021 15:36:32,001 TestNG-tests-1 - Couldn't find template in cache for "index.ftl"("en", UTF-8, parsed); will try to load it.
05 Jun 2021 15:36:32,001 TestNG-tests-1 - TemplateLoader.findTemplateSource("index_en.ftl"): Not found
05 Jun 2021 15:36:32,001 TestNG-tests-1 - TemplateLoader.findTemplateSource("index.ftl"): Found
05 Jun 2021 15:36:32,001 TestNG-tests-1 - Loading template for "index.ftl"("en", UTF-8, parsed) from "jar:file:/Users/naveenautomationlabs/.m2/repository/com/aventstack/extentreports/3.1.5/extentreports-3.1.5.jar!/com/aventstack/extentreports/view/html-report/index.ftl"
05 Jun 2021 15:36:32,004 TestNG-tests-1 - Couldn't find template in cache for "head.ftl"("en", UTF-8, parsed); will try to load it.
05 Jun 2021 15:36:32,004 TestNG-tests-1 - TemplateLoader.findTemplateSource("head_en.ftl"): Not found
05 Jun 2021 15:36:32,004 TestNG-tests-1 - TemplateLoader.findTemplateSource("head.ftl"): Found
05 Jun 2021 15:36:32,004 TestNG-tests-1 - Loading template for "head.ftl"("en", UTF-8, parsed) from "jar:file:/Users/naveenautomationlabs/.m2/repository/com/aventstack/extentreports/3.1.5/extentreports-3.1.5.jar!/com/aventstack/extentreports/view/html-report/head.ftl"
05 Jun 2021 15:36:32,005 TestNG-tests-1 - Couldn't find template in cache for "nav.ftl"("en", UTF-8, parsed); will try to load it.
05 Jun 2021 15:36:32,005 TestNG-tests-1 - TemplateLoader.findTemplateSource("nav_en.ftl"): Not found
05 Jun 2021 15:36:32,006 TestNG-tests-1 - TemplateLoader.findTemplateSource("nav.ftl"): Found
05 Jun 2021 15:36:32,006 TestNG-tests-1 - Loading template for "nav.ftl"("en", UTF-8, parsed) from "jar:file:/Users/naveenautomationlabs/.m2/repository/com/aventstack/extentreports/3.1.5/extentreports-3.1.5.jar!/com/aventstack/extentreports/view/html-report/nav.ftl"
05 Jun 2021 15:36:32,007 TestNG-tests-1 - Couldn't find template in cache for "test-view/test-view.ftl"("en", UTF-8, parsed); will try to load it.
05 Jun 2021 15:36:32,007 TestNG-tests-1 - TemplateLoader.findTemplateSource("test-view/test-view_en.ftl"): Not found
05 Jun 2021 15:36:32,007 TestNG-tests-1 - TemplateLoader.findTemplateSource("test-view/test-view.ftl"): Found
05 Jun 2021 15:36:32,007 TestNG-tests-1 - Loading template for "test-view/test-view.ftl"("en", UTF-8, parsed) from "jar:file:/Users/naveenautomationlabs/.m2/repository/com/aventstack/extentreports/3.1.5/extentreports-3.1.5.jar!/com/aventstack/extentreports/view/html-report/test-view/test-view.ftl"
05 Jun 2021 15:36:32,010 TestNG-tests-1 - Couldn't find template in cache for "test-view/test-view-charts.ftl"("en", UTF-8, parsed); will try to load it.
05 Jun 2021 15:36:32,011 TestNG-tests-1 - TemplateLoader.findTemplateSource("test-view/test-view-charts_en.ftl"): Not found
05 Jun 2021 15:36:32,011 TestNG-tests-1 - TemplateLoader.findTemplateSource("test-view/test-view-charts.ftl"): Found
05 Jun 2021 15:36:32,011 TestNG-tests-1 - Loading template for "test-view/test-view-charts.ftl"("en", UTF-8, parsed) from "jar:file:/Users/naveenautomationlabs/.m2/repository/com/aventstack/extentreports/3.1.5/extentreports-3.1.5.jar!/com/aventstack/extentreports/view/html-report/test-view/test-view-charts.ftl"
05 Jun 2021 15:36:32,013 TestNG-tests-1 - Couldn't find template in cache for "test-view/standard.ftl"("en", UTF-8, parsed); will try to load it.
05 Jun 2021 15:36:32,013 TestNG-tests-1 - TemplateLoader.findTemplateSource("test-view/standard_en.ftl"): Not found
05 Jun 2021 15:36:32,013 TestNG-tests-1 - TemplateLoader.findTemplateSource("test-view/standard.ftl"): Found
05 Jun 2021 15:36:32,013 TestNG-tests-1 - Loading template for "test-view/standard.ftl"("en", UTF-8, parsed) from "jar:file:/Users/naveenautomationlabs/.m2/repository/com/aventstack/extentreports/3.1.5/extentreports-3.1.5.jar!/com/aventstack/extentreports/view/html-report/test-view/standard.ftl"
05 Jun 2021 15:36:32,017 TestNG-tests-1 - "test-view/standard.ftl"("en", UTF-8, parsed) cached copy not yet stale; using cached.
05 Jun 2021 15:36:32,017 TestNG-tests-1 - "test-view/standard.ftl"("en", UTF-8, parsed) cached copy not yet stale; using cached.
05 Jun 2021 15:36:32,017 TestNG-tests-1 - "test-view/standard.ftl"("en", UTF-8, parsed) cached copy not yet stale; using cached.
05 Jun 2021 15:36:32,017 TestNG-tests-1 - "test-view/standard.ftl"("en", UTF-8, parsed) cached copy not yet stale; using cached.
05 Jun 2021 15:36:32,018 TestNG-tests-1 - "test-view/standard.ftl"("en", UTF-8, parsed) cached copy not yet stale; using cached.
05 Jun 2021 15:36:32,018 TestNG-tests-1 - "test-view/standard.ftl"("en", UTF-8, parsed) cached copy not yet stale; using cached.
05 Jun 2021 15:36:32,018 TestNG-tests-1 - "test-view/standard.ftl"("en", UTF-8, parsed) cached copy not yet stale; using cached.
05 Jun 2021 15:36:32,018 TestNG-tests-1 - "test-view/standard.ftl"("en", UTF-8, parsed) cached copy not yet stale; using cached.
05 Jun 2021 15:36:32,019 TestNG-tests-1 - "test-view/standard.ftl"("en", UTF-8, parsed) cached copy not yet stale; using cached.
05 Jun 2021 15:36:32,019 TestNG-tests-1 - "test-view/standard.ftl"("en", UTF-8, parsed) cached copy not yet stale; using cached.
05 Jun 2021 15:36:32,019 TestNG-tests-1 - "test-view/standard.ftl"("en", UTF-8, parsed) cached copy not yet stale; using cached.
05 Jun 2021 15:36:32,020 TestNG-tests-1 - "test-view/standard.ftl"("en", UTF-8, parsed) cached copy not yet stale; using cached.
05 Jun 2021 15:36:32,020 TestNG-tests-1 - "test-view/standard.ftl"("en", UTF-8, parsed) cached copy not yet stale; using cached.
05 Jun 2021 15:36:32,020 TestNG-tests-1 - "test-view/standard.ftl"("en", UTF-8, parsed) cached copy not yet stale; using cached.
05 Jun 2021 15:36:32,020 TestNG-tests-1 - Couldn't find template in cache for "category-view/category-view.ftl"("en", UTF-8, parsed); will try to load it.
05 Jun 2021 15:36:32,020 TestNG-tests-1 - TemplateLoader.findTemplateSource("category-view/category-view_en.ftl"): Not found
05 Jun 2021 15:36:32,021 TestNG-tests-1 - TemplateLoader.findTemplateSource("category-view/category-view.ftl"): Found
05 Jun 2021 15:36:32,021 TestNG-tests-1 - Loading template for "category-view/category-view.ftl"("en", UTF-8, parsed) from "jar:file:/Users/naveenautomationlabs/.m2/repository/com/aventstack/extentreports/3.1.5/extentreports-3.1.5.jar!/com/aventstack/extentreports/view/html-report/category-view/category-view.ftl"
05 Jun 2021 15:36:32,025 TestNG-tests-1 - Couldn't find template in cache for "author-view/author-view.ftl"("en", UTF-8, parsed); will try to load it.
05 Jun 2021 15:36:32,026 TestNG-tests-1 - TemplateLoader.findTemplateSource("author-view/author-view_en.ftl"): Not found
05 Jun 2021 15:36:32,026 TestNG-tests-1 - TemplateLoader.findTemplateSource("author-view/author-view.ftl"): Found
05 Jun 2021 15:36:32,026 TestNG-tests-1 - Loading template for "author-view/author-view.ftl"("en", UTF-8, parsed) from "jar:file:/Users/naveenautomationlabs/.m2/repository/com/aventstack/extentreports/3.1.5/extentreports-3.1.5.jar!/com/aventstack/extentreports/view/html-report/author-view/author-view.ftl"
05 Jun 2021 15:36:32,028 TestNG-tests-1 - Couldn't find template in cache for "exception-view/exception-view.ftl"("en", UTF-8, parsed); will try to load it.
05 Jun 2021 15:36:32,028 TestNG-tests-1 - TemplateLoader.findTemplateSource("exception-view/exception-view_en.ftl"): Not found
05 Jun 2021 15:36:32,028 TestNG-tests-1 - TemplateLoader.findTemplateSource("exception-view/exception-view.ftl"): Found
05 Jun 2021 15:36:32,028 TestNG-tests-1 - Loading template for "exception-view/exception-view.ftl"("en", UTF-8, parsed) from "jar:file:/Users/naveenautomationlabs/.m2/repository/com/aventstack/extentreports/3.1.5/extentreports-3.1.5.jar!/com/aventstack/extentreports/view/html-report/exception-view/exception-view.ftl"
05 Jun 2021 15:36:32,030 TestNG-tests-1 - Couldn't find template in cache for "dashboard-view/dashboard-view.ftl"("en", UTF-8, parsed); will try to load it.
05 Jun 2021 15:36:32,030 TestNG-tests-1 - TemplateLoader.findTemplateSource("dashboard-view/dashboard-view_en.ftl"): Not found
05 Jun 2021 15:36:32,030 TestNG-tests-1 - TemplateLoader.findTemplateSource("dashboard-view/dashboard-view.ftl"): Found
05 Jun 2021 15:36:32,030 TestNG-tests-1 - Loading template for "dashboard-view/dashboard-view.ftl"("en", UTF-8, parsed) from "jar:file:/Users/naveenautomationlabs/.m2/repository/com/aventstack/extentreports/3.1.5/extentreports-3.1.5.jar!/com/aventstack/extentreports/view/html-report/dashboard-view/dashboard-view.ftl"
05 Jun 2021 15:36:32,032 TestNG-tests-1 - Couldn't find template in cache for "logs-view/testrunner-logs-view.ftl"("en", UTF-8, parsed); will try to load it.
05 Jun 2021 15:36:32,032 TestNG-tests-1 - TemplateLoader.findTemplateSource("logs-view/testrunner-logs-view_en.ftl"): Not found
05 Jun 2021 15:36:32,032 TestNG-tests-1 - TemplateLoader.findTemplateSource("logs-view/testrunner-logs-view.ftl"): Found
05 Jun 2021 15:36:32,032 TestNG-tests-1 - Loading template for "logs-view/testrunner-logs-view.ftl"("en", UTF-8, parsed) from "jar:file:/Users/naveenautomationlabs/.m2/repository/com/aventstack/extentreports/3.1.5/extentreports-3.1.5.jar!/com/aventstack/extentreports/view/html-report/logs-view/testrunner-logs-view.ftl"
05 Jun 2021 15:36:33,013 TestNG-tests-3 - locator is: By.name: search
05 Jun 2021 15:36:34,778 TestNG-tests-3 - Element is: [[RemoteWebDriver: firefox on LINUX (caa46249-8ec3-45e4-bbba-6092fcd6579d)] -> name: search]
05 Jun 2021 15:36:34,862 TestNG-tests-3 - locator is: By.cssSelector: div#search button
05 Jun 2021 15:36:36,602 TestNG-tests-3 - Element is: [[RemoteWebDriver: firefox on LINUX (caa46249-8ec3-45e4-bbba-6092fcd6579d)] -> css selector: div#search button]
05 Jun 2021 15:36:37,948 TestNG-tests-3 - locator is: By.name: search
05 Jun 2021 15:36:39,696 TestNG-tests-3 - Element is: [[RemoteWebDriver: firefox on LINUX (caa46249-8ec3-45e4-bbba-6092fcd6579d)] -> name: search]
05 Jun 2021 15:36:39,775 TestNG-tests-3 - locator is: By.cssSelector: div#search button
05 Jun 2021 15:36:41,501 TestNG-tests-3 - Element is: [[RemoteWebDriver: firefox on LINUX (caa46249-8ec3-45e4-bbba-6092fcd6579d)] -> css selector: div#search button]
05 Jun 2021 15:36:42,990 TestNG-tests-3 - locator is: By.name: search
05 Jun 2021 15:36:44,733 TestNG-tests-3 - Element is: [[RemoteWebDriver: firefox on LINUX (caa46249-8ec3-45e4-bbba-6092fcd6579d)] -> name: search]
05 Jun 2021 15:36:44,813 TestNG-tests-3 - locator is: By.cssSelector: div#search button
05 Jun 2021 15:36:46,541 TestNG-tests-3 - Element is: [[RemoteWebDriver: firefox on LINUX (caa46249-8ec3-45e4-bbba-6092fcd6579d)] -> css selector: div#search button]
05 Jun 2021 15:36:48,494 TestNG-tests-3 - Couldn't find template in cache for "index.ftl"("en", UTF-8, parsed); will try to load it.
05 Jun 2021 15:36:48,495 TestNG-tests-3 - TemplateLoader.findTemplateSource("index_en.ftl"): Not found
05 Jun 2021 15:36:48,495 TestNG-tests-3 - TemplateLoader.findTemplateSource("index.ftl"): Found
05 Jun 2021 15:36:48,495 TestNG-tests-3 - Loading template for "index.ftl"("en", UTF-8, parsed) from "jar:file:/Users/naveenautomationlabs/.m2/repository/com/aventstack/extentreports/3.1.5/extentreports-3.1.5.jar!/com/aventstack/extentreports/view/html-report/index.ftl"
05 Jun 2021 15:36:48,497 TestNG-tests-3 - Couldn't find template in cache for "head.ftl"("en", UTF-8, parsed); will try to load it.
05 Jun 2021 15:36:48,497 TestNG-tests-3 - TemplateLoader.findTemplateSource("head_en.ftl"): Not found
05 Jun 2021 15:36:48,498 TestNG-tests-3 - TemplateLoader.findTemplateSource("head.ftl"): Found
05 Jun 2021 15:36:48,498 TestNG-tests-3 - Loading template for "head.ftl"("en", UTF-8, parsed) from "jar:file:/Users/naveenautomationlabs/.m2/repository/com/aventstack/extentreports/3.1.5/extentreports-3.1.5.jar!/com/aventstack/extentreports/view/html-report/head.ftl"
05 Jun 2021 15:36:48,498 TestNG-tests-3 - Couldn't find template in cache for "nav.ftl"("en", UTF-8, parsed); will try to load it.
05 Jun 2021 15:36:48,499 TestNG-tests-3 - TemplateLoader.findTemplateSource("nav_en.ftl"): Not found
05 Jun 2021 15:36:48,499 TestNG-tests-3 - TemplateLoader.findTemplateSource("nav.ftl"): Found
05 Jun 2021 15:36:48,499 TestNG-tests-3 - Loading template for "nav.ftl"("en", UTF-8, parsed) from "jar:file:/Users/naveenautomationlabs/.m2/repository/com/aventstack/extentreports/3.1.5/extentreports-3.1.5.jar!/com/aventstack/extentreports/view/html-report/nav.ftl"
05 Jun 2021 15:36:48,500 TestNG-tests-3 - Couldn't find template in cache for "test-view/test-view.ftl"("en", UTF-8, parsed); will try to load it.
05 Jun 2021 15:36:48,500 TestNG-tests-3 - TemplateLoader.findTemplateSource("test-view/test-view_en.ftl"): Not found
05 Jun 2021 15:36:48,501 TestNG-tests-3 - TemplateLoader.findTemplateSource("test-view/test-view.ftl"): Found
05 Jun 2021 15:36:48,501 TestNG-tests-3 - Loading template for "test-view/test-view.ftl"("en", UTF-8, parsed) from "jar:file:/Users/naveenautomationlabs/.m2/repository/com/aventstack/extentreports/3.1.5/extentreports-3.1.5.jar!/com/aventstack/extentreports/view/html-report/test-view/test-view.ftl"
05 Jun 2021 15:36:48,504 TestNG-tests-3 - Couldn't find template in cache for "test-view/test-view-charts.ftl"("en", UTF-8, parsed); will try to load it.
05 Jun 2021 15:36:48,504 TestNG-tests-3 - TemplateLoader.findTemplateSource("test-view/test-view-charts_en.ftl"): Not found
05 Jun 2021 15:36:48,504 TestNG-tests-3 - TemplateLoader.findTemplateSource("test-view/test-view-charts.ftl"): Found
05 Jun 2021 15:36:48,504 TestNG-tests-3 - Loading template for "test-view/test-view-charts.ftl"("en", UTF-8, parsed) from "jar:file:/Users/naveenautomationlabs/.m2/repository/com/aventstack/extentreports/3.1.5/extentreports-3.1.5.jar!/com/aventstack/extentreports/view/html-report/test-view/test-view-charts.ftl"
05 Jun 2021 15:36:48,506 TestNG-tests-3 - Couldn't find template in cache for "test-view/standard.ftl"("en", UTF-8, parsed); will try to load it.
05 Jun 2021 15:36:48,506 TestNG-tests-3 - TemplateLoader.findTemplateSource("test-view/standard_en.ftl"): Not found
05 Jun 2021 15:36:48,506 TestNG-tests-3 - TemplateLoader.findTemplateSource("test-view/standard.ftl"): Found
05 Jun 2021 15:36:48,506 TestNG-tests-3 - Loading template for "test-view/standard.ftl"("en", UTF-8, parsed) from "jar:file:/Users/naveenautomationlabs/.m2/repository/com/aventstack/extentreports/3.1.5/extentreports-3.1.5.jar!/com/aventstack/extentreports/view/html-report/test-view/standard.ftl"
05 Jun 2021 15:36:48,509 TestNG-tests-3 - "test-view/standard.ftl"("en", UTF-8, parsed) cached copy not yet stale; using cached.
05 Jun 2021 15:36:48,510 TestNG-tests-3 - "test-view/standard.ftl"("en", UTF-8, parsed) cached copy not yet stale; using cached.
05 Jun 2021 15:36:48,510 TestNG-tests-3 - "test-view/standard.ftl"("en", UTF-8, parsed) cached copy not yet stale; using cached.
05 Jun 2021 15:36:48,510 TestNG-tests-3 - "test-view/standard.ftl"("en", UTF-8, parsed) cached copy not yet stale; using cached.
05 Jun 2021 15:36:48,511 TestNG-tests-3 - "test-view/standard.ftl"("en", UTF-8, parsed) cached copy not yet stale; using cached.
05 Jun 2021 15:36:48,511 TestNG-tests-3 - "test-view/standard.ftl"("en", UTF-8, parsed) cached copy not yet stale; using cached.
05 Jun 2021 15:36:48,511 TestNG-tests-3 - "test-view/standard.ftl"("en", UTF-8, parsed) cached copy not yet stale; using cached.
05 Jun 2021 15:36:48,512 TestNG-tests-3 - "test-view/standard.ftl"("en", UTF-8, parsed) cached copy not yet stale; using cached.
05 Jun 2021 15:36:48,512 TestNG-tests-3 - "test-view/standard.ftl"("en", UTF-8, parsed) cached copy not yet stale; using cached.
05 Jun 2021 15:36:48,512 TestNG-tests-3 - "test-view/standard.ftl"("en", UTF-8, parsed) cached copy not yet stale; using cached.
05 Jun 2021 15:36:48,513 TestNG-tests-3 - "test-view/standard.ftl"("en", UTF-8, parsed) cached copy not yet stale; using cached.
05 Jun 2021 15:36:48,513 TestNG-tests-3 - "test-view/standard.ftl"("en", UTF-8, parsed) cached copy not yet stale; using cached.
05 Jun 2021 15:36:48,513 TestNG-tests-3 - "test-view/standard.ftl"("en", UTF-8, parsed) cached copy not yet stale; using cached.
05 Jun 2021 15:36:48,513 TestNG-tests-3 - "test-view/standard.ftl"("en", UTF-8, parsed) cached copy not yet stale; using cached.
05 Jun 2021 15:36:48,514 TestNG-tests-3 - "test-view/standard.ftl"("en", UTF-8, parsed) cached copy not yet stale; using cached.
05 Jun 2021 15:36:48,514 TestNG-tests-3 - "test-view/standard.ftl"("en", UTF-8, parsed) cached copy not yet stale; using cached.
05 Jun 2021 15:36:48,514 TestNG-tests-3 - "test-view/standard.ftl"("en", UTF-8, parsed) cached copy not yet stale; using cached.
05 Jun 2021 15:36:48,514 TestNG-tests-3 - Couldn't find template in cache for "category-view/category-view.ftl"("en", UTF-8, parsed); will try to load it.
05 Jun 2021 15:36:48,514 TestNG-tests-3 - TemplateLoader.findTemplateSource("category-view/category-view_en.ftl"): Not found
05 Jun 2021 15:36:48,514 TestNG-tests-3 - TemplateLoader.findTemplateSource("category-view/category-view.ftl"): Found
05 Jun 2021 15:36:48,514 TestNG-tests-3 - Loading template for "category-view/category-view.ftl"("en", UTF-8, parsed) from "jar:file:/Users/naveenautomationlabs/.m2/repository/com/aventstack/extentreports/3.1.5/extentreports-3.1.5.jar!/com/aventstack/extentreports/view/html-report/category-view/category-view.ftl"
05 Jun 2021 15:36:48,517 TestNG-tests-3 - Couldn't find template in cache for "author-view/author-view.ftl"("en", UTF-8, parsed); will try to load it.
05 Jun 2021 15:36:48,517 TestNG-tests-3 - TemplateLoader.findTemplateSource("author-view/author-view_en.ftl"): Not found
05 Jun 2021 15:36:48,517 TestNG-tests-3 - TemplateLoader.findTemplateSource("author-view/author-view.ftl"): Found
05 Jun 2021 15:36:48,517 TestNG-tests-3 - Loading template for "author-view/author-view.ftl"("en", UTF-8, parsed) from "jar:file:/Users/naveenautomationlabs/.m2/repository/com/aventstack/extentreports/3.1.5/extentreports-3.1.5.jar!/com/aventstack/extentreports/view/html-report/author-view/author-view.ftl"
05 Jun 2021 15:36:48,519 TestNG-tests-3 - Couldn't find template in cache for "exception-view/exception-view.ftl"("en", UTF-8, parsed); will try to load it.
05 Jun 2021 15:36:48,519 TestNG-tests-3 - TemplateLoader.findTemplateSource("exception-view/exception-view_en.ftl"): Not found
05 Jun 2021 15:36:48,519 TestNG-tests-3 - TemplateLoader.findTemplateSource("exception-view/exception-view.ftl"): Found
05 Jun 2021 15:36:48,519 TestNG-tests-3 - Loading template for "exception-view/exception-view.ftl"("en", UTF-8, parsed) from "jar:file:/Users/naveenautomationlabs/.m2/repository/com/aventstack/extentreports/3.1.5/extentreports-3.1.5.jar!/com/aventstack/extentreports/view/html-report/exception-view/exception-view.ftl"
05 Jun 2021 15:36:48,520 TestNG-tests-3 - Couldn't find template in cache for "dashboard-view/dashboard-view.ftl"("en", UTF-8, parsed); will try to load it.
05 Jun 2021 15:36:48,521 TestNG-tests-3 - TemplateLoader.findTemplateSource("dashboard-view/dashboard-view_en.ftl"): Not found
05 Jun 2021 15:36:48,521 TestNG-tests-3 - TemplateLoader.findTemplateSource("dashboard-view/dashboard-view.ftl"): Found
05 Jun 2021 15:36:48,521 TestNG-tests-3 - Loading template for "dashboard-view/dashboard-view.ftl"("en", UTF-8, parsed) from "jar:file:/Users/naveenautomationlabs/.m2/repository/com/aventstack/extentreports/3.1.5/extentreports-3.1.5.jar!/com/aventstack/extentreports/view/html-report/dashboard-view/dashboard-view.ftl"
05 Jun 2021 15:36:48,522 TestNG-tests-3 - Couldn't find template in cache for "logs-view/testrunner-logs-view.ftl"("en", UTF-8, parsed); will try to load it.
05 Jun 2021 15:36:48,523 TestNG-tests-3 - TemplateLoader.findTemplateSource("logs-view/testrunner-logs-view_en.ftl"): Not found
05 Jun 2021 15:36:48,523 TestNG-tests-3 - TemplateLoader.findTemplateSource("logs-view/testrunner-logs-view.ftl"): Found
05 Jun 2021 15:36:48,523 TestNG-tests-3 - Loading template for "logs-view/testrunner-logs-view.ftl"("en", UTF-8, parsed) from "jar:file:/Users/naveenautomationlabs/.m2/repository/com/aventstack/extentreports/3.1.5/extentreports-3.1.5.jar!/com/aventstack/extentreports/view/html-report/logs-view/testrunner-logs-view.ftl"
